<?xml version="1.0" encoding="UTF-8"?>
<robot generator="Robot 7.1.1 (Python 3.10.0 on win32)" generated="2025-02-26T13:39:24.564120" rpa="false" schemaversion="5">
<suite id="s1" name="Test-Pita" source="D:\sdpx-lab-exam\pita-robot\test-pita.robot">
<test id="s1-t1" name="Test cir_round Operation With 1" line="10">
<kw name="Call cir_round Endpoint">
<kw name="Catenate" owner="BuiltIn">
<msg time="2025-02-26T13:39:24.704345" level="INFO">${url} = http://172.20.10.3:5000/cir_round/1</msg>
<var>${url}</var>
<arg>${BASE_URL}/cir_round/${x}</arg>
<doc>Catenates the given items together and returns the resulted string.</doc>
<status status="PASS" start="2025-02-26T13:39:24.704345" elapsed="0.000000"/>
</kw>
<kw name="GET" owner="RequestsLibrary">
<msg time="2025-02-26T13:39:24.764289" level="INFO">GET Request : url=http://172.20.10.3:5000/cir_round/1 
 path_url=/cir_round/1 
 headers={'User-Agent': 'python-requests/2.32.3', 'Accept-Encoding': 'gzip, deflate', 'Accept': '*/*', 'Connection': 'keep-alive'} 
 body=None 
 </msg>
<msg time="2025-02-26T13:39:24.765302" level="INFO">GET Response : url=http://172.20.10.3:5000/cir_round/1 
 status=200, reason=OK 
 headers={'Server': 'Werkzeug/3.1.3 Python/3.9.21', 'Date': 'Wed, 26 Feb 2025 06:39:36 GMT', 'Content-Type': 'text/html; charset=utf-8', 'Content-Length': '4', 'Connection': 'close'} 
 body=6.28 
 </msg>
<msg time="2025-02-26T13:39:24.765302" level="INFO">${response} = &lt;Response [200]&gt;</msg>
<var>${response}</var>
<arg>${url}</arg>
<doc>Sends a GET request.</doc>
<status status="PASS" start="2025-02-26T13:39:24.704345" elapsed="0.060957"/>
</kw>
<return>
<value>${response}</value>
<status status="PASS" start="2025-02-26T13:39:24.765302" elapsed="0.000000"/>
</return>
<msg time="2025-02-26T13:39:24.766234" level="INFO">${response} = &lt;Response [200]&gt;</msg>
<var>${response}</var>
<arg>1</arg>
<status status="PASS" start="2025-02-26T13:39:24.703365" elapsed="0.062869"/>
</kw>
<kw name="Should Be Equal As Integers" owner="BuiltIn">
<msg time="2025-02-26T13:39:24.767208" level="INFO">Argument types are:
&lt;class 'int'&gt;
&lt;class 'str'&gt;</msg>
<arg>${response.status_code}</arg>
<arg>200</arg>
<doc>Fails if objects are unequal after converting them to integers.</doc>
<status status="PASS" start="2025-02-26T13:39:24.766234" elapsed="0.000974"/>
</kw>
<kw name="Get Response Body">
<kw name="Set Variable" owner="BuiltIn">
<msg time="2025-02-26T13:39:24.769806" level="INFO">${response_body} = 6.28</msg>
<var>${response_body}</var>
<arg>${response.text}</arg>
<doc>Returns the given values which can then be assigned to a variables.</doc>
<status status="PASS" start="2025-02-26T13:39:24.768767" elapsed="0.001039"/>
</kw>
<return>
<value>${response_body}</value>
<status status="PASS" start="2025-02-26T13:39:24.769806" elapsed="0.000000"/>
</return>
<msg time="2025-02-26T13:39:24.769806" level="INFO">${response_body} = 6.28</msg>
<var>${response_body}</var>
<arg>${response}</arg>
<status status="PASS" start="2025-02-26T13:39:24.768767" elapsed="0.001039"/>
</kw>
<kw name="Should Be Equal As Numbers" owner="BuiltIn">
<arg>${response_body}</arg>
<arg>6.28</arg>
<doc>Fails if objects are unequal after converting them to real numbers.</doc>
<status status="PASS" start="2025-02-26T13:39:24.771371" elapsed="0.000000"/>
</kw>
<status status="PASS" start="2025-02-26T13:39:24.702392" elapsed="0.069978"/>
</test>
<test id="s1-t2" name="Test cir_round Operation With -10" line="16">
<kw name="Call cir_round Endpoint">
<kw name="Catenate" owner="BuiltIn">
<msg time="2025-02-26T13:39:24.774939" level="INFO">${url} = http://172.20.10.3:5000/cir_round/-10</msg>
<var>${url}</var>
<arg>${BASE_URL}/cir_round/${x}</arg>
<doc>Catenates the given items together and returns the resulted string.</doc>
<status status="PASS" start="2025-02-26T13:39:24.773896" elapsed="0.001043"/>
</kw>
<kw name="GET" owner="RequestsLibrary">
<msg time="2025-02-26T13:39:24.843389" level="INFO">GET Request : url=http://172.20.10.3:5000/cir_round/-10 
 path_url=/cir_round/-10 
 headers={'User-Agent': 'python-requests/2.32.3', 'Accept-Encoding': 'gzip, deflate', 'Accept': '*/*', 'Connection': 'keep-alive'} 
 body=None 
 </msg>
<msg time="2025-02-26T13:39:24.843389" level="INFO">GET Response : url=http://172.20.10.3:5000/cir_round/-10 
 status=200, reason=OK 
 headers={'Server': 'Werkzeug/3.1.3 Python/3.9.21', 'Date': 'Wed, 26 Feb 2025 06:39:37 GMT', 'Content-Type': 'text/html; charset=utf-8', 'Content-Length': '4', 'Connection': 'close'} 
 body=0.00 
 </msg>
<msg time="2025-02-26T13:39:24.843389" level="INFO">${response} = &lt;Response [200]&gt;</msg>
<var>${response}</var>
<arg>${url}</arg>
<doc>Sends a GET request.</doc>
<status status="PASS" start="2025-02-26T13:39:24.774939" elapsed="0.068450"/>
</kw>
<return>
<value>${response}</value>
<status status="PASS" start="2025-02-26T13:39:24.843389" elapsed="0.000000"/>
</return>
<msg time="2025-02-26T13:39:24.844908" level="INFO">${response} = &lt;Response [200]&gt;</msg>
<var>${response}</var>
<arg>-10</arg>
<status status="PASS" start="2025-02-26T13:39:24.773896" elapsed="0.071012"/>
</kw>
<kw name="Should Be Equal As Integers" owner="BuiltIn">
<msg time="2025-02-26T13:39:24.846933" level="INFO">Argument types are:
&lt;class 'int'&gt;
&lt;class 'str'&gt;</msg>
<arg>${response.status_code}</arg>
<arg>200</arg>
<doc>Fails if objects are unequal after converting them to integers.</doc>
<status status="PASS" start="2025-02-26T13:39:24.845910" elapsed="0.001023"/>
</kw>
<kw name="Get Response Body">
<kw name="Set Variable" owner="BuiltIn">
<msg time="2025-02-26T13:39:24.849892" level="INFO">${response_body} = 0.00</msg>
<var>${response_body}</var>
<arg>${response.text}</arg>
<doc>Returns the given values which can then be assigned to a variables.</doc>
<status status="PASS" start="2025-02-26T13:39:24.848909" elapsed="0.000983"/>
</kw>
<return>
<value>${response_body}</value>
<status status="PASS" start="2025-02-26T13:39:24.849892" elapsed="0.000000"/>
</return>
<msg time="2025-02-26T13:39:24.849892" level="INFO">${response_body} = 0.00</msg>
<var>${response_body}</var>
<arg>${response}</arg>
<status status="PASS" start="2025-02-26T13:39:24.847939" elapsed="0.002929"/>
</kw>
<kw name="Should Be Equal As Numbers" owner="BuiltIn">
<arg>${response_body}</arg>
<arg>0.00</arg>
<doc>Fails if objects are unequal after converting them to real numbers.</doc>
<status status="PASS" start="2025-02-26T13:39:24.850868" elapsed="0.000981"/>
</kw>
<status status="PASS" start="2025-02-26T13:39:24.772370" elapsed="0.080497"/>
</test>
<test id="s1-t3" name="Test cir_round Operation With 1.5" line="22">
<kw name="Call cir_round Endpoint">
<kw name="Catenate" owner="BuiltIn">
<msg time="2025-02-26T13:39:24.856501" level="INFO">${url} = http://172.20.10.3:5000/cir_round/1.5</msg>
<var>${url}</var>
<arg>${BASE_URL}/cir_round/${x}</arg>
<doc>Catenates the given items together and returns the resulted string.</doc>
<status status="PASS" start="2025-02-26T13:39:24.856501" elapsed="0.000000"/>
</kw>
<kw name="GET" owner="RequestsLibrary">
<msg time="2025-02-26T13:39:24.917898" level="INFO">GET Request : url=http://172.20.10.3:5000/cir_round/1.5 
 path_url=/cir_round/1.5 
 headers={'User-Agent': 'python-requests/2.32.3', 'Accept-Encoding': 'gzip, deflate', 'Accept': '*/*', 'Connection': 'keep-alive'} 
 body=None 
 </msg>
<msg time="2025-02-26T13:39:24.917898" level="INFO">GET Response : url=http://172.20.10.3:5000/cir_round/1.5 
 status=200, reason=OK 
 headers={'Server': 'Werkzeug/3.1.3 Python/3.9.21', 'Date': 'Wed, 26 Feb 2025 06:39:37 GMT', 'Content-Type': 'text/html; charset=utf-8', 'Content-Length': '4', 'Connection': 'close'} 
 body=9.42 
 </msg>
<msg time="2025-02-26T13:39:24.918918" level="INFO">${response} = &lt;Response [200]&gt;</msg>
<var>${response}</var>
<arg>${url}</arg>
<doc>Sends a GET request.</doc>
<status status="PASS" start="2025-02-26T13:39:24.857513" elapsed="0.061405"/>
</kw>
<return>
<value>${response}</value>
<status status="PASS" start="2025-02-26T13:39:24.918918" elapsed="0.000000"/>
</return>
<msg time="2025-02-26T13:39:24.919971" level="INFO">${response} = &lt;Response [200]&gt;</msg>
<var>${response}</var>
<arg>1.5</arg>
<status status="PASS" start="2025-02-26T13:39:24.855498" elapsed="0.064473"/>
</kw>
<kw name="Should Be Equal As Integers" owner="BuiltIn">
<msg time="2025-02-26T13:39:24.921968" level="INFO">Argument types are:
&lt;class 'int'&gt;
&lt;class 'str'&gt;</msg>
<arg>${response.status_code}</arg>
<arg>200</arg>
<doc>Fails if objects are unequal after converting them to integers.</doc>
<status status="PASS" start="2025-02-26T13:39:24.921003" elapsed="0.000965"/>
</kw>
<kw name="Get Response Body">
<kw name="Set Variable" owner="BuiltIn">
<msg time="2025-02-26T13:39:24.924952" level="INFO">${response_body} = 9.42</msg>
<var>${response_body}</var>
<arg>${response.text}</arg>
<doc>Returns the given values which can then be assigned to a variables.</doc>
<status status="PASS" start="2025-02-26T13:39:24.923899" elapsed="0.001053"/>
</kw>
<return>
<value>${response_body}</value>
<status status="PASS" start="2025-02-26T13:39:24.924952" elapsed="0.000000"/>
</return>
<msg time="2025-02-26T13:39:24.925969" level="INFO">${response_body} = 9.42</msg>
<var>${response_body}</var>
<arg>${response}</arg>
<status status="PASS" start="2025-02-26T13:39:24.922945" elapsed="0.003024"/>
</kw>
<kw name="Should Be Equal As Numbers" owner="BuiltIn">
<arg>${response_body}</arg>
<arg>9.42</arg>
<doc>Fails if objects are unequal after converting them to real numbers.</doc>
<status status="PASS" start="2025-02-26T13:39:24.925969" elapsed="0.001002"/>
</kw>
<status status="PASS" start="2025-02-26T13:39:24.854478" elapsed="0.072493"/>
</test>
<status status="PASS" start="2025-02-26T13:39:24.565122" elapsed="0.364360"/>
</suite>
<statistics>
<total>
<stat pass="3" fail="0" skip="0">All Tests</stat>
</total>
<tag>
</tag>
<suite>
<stat pass="3" fail="0" skip="0" id="s1" name="Test-Pita">Test-Pita</stat>
</suite>
</statistics>
<errors>
</errors>
</robot>
